# JRE version: Java(TM) SE Runtime Environment (8.0_111-b14) (build 1.8.0_111-b14)
# Java VM: Java HotSpot(TM) 64-Bit Server VM (25.111-b14 mixed mode windows-amd64 compressed oops)
Heap:
 PSYoungGen      total 164352K, used 25574K [0x00000000eab00000, 0x00000000f9a80000, 0x0000000100000000)
  eden space 150528K, 7% used [0x00000000eab00000,0x00000000eb67afa8,0x00000000f3e00000)
  from space 13824K, 99% used [0x00000000f3e00000,0x00000000f4b7eb78,0x00000000f4b80000)
  to   space 16896K, 0% used [0x00000000f8a00000,0x00000000f8a00000,0x00000000f9a80000)
 ParOldGen       total 92160K, used 25056K [0x00000000c0000000, 0x00000000c5a00000, 0x00000000eab00000)
  object space 92160K, 27% used [0x00000000c0000000,0x00000000c18780c0,0x00000000c5a00000)
 Metaspace       used 44440K, capacity 45314K, committed 45440K, reserved 1087488K
  class space    used 6164K, capacity 6407K, committed 6528K, reserved 1048576K
GC Heap History (10 events):
Event: 7.255 GC heap before
{Heap before GC invocations=7 (full 1):
 PSYoungGen      total 71680K, used 71653K [0x00000000eab00000, 0x00000000f1e00000, 0x0000000100000000)
  eden space 66560K, 100% used [0x00000000eab00000,0x00000000eec00000,0x00000000eec00000)
  from space 5120K, 99% used [0x00000000eec00000,0x00000000ef0f95c8,0x00000000ef100000)
  to   space 10240K, 0% used [0x00000000f1400000,0x00000000f1400000,0x00000000f1e00000)
 ParOldGen       total 67584K, used 13336K [0x00000000c0000000, 0x00000000c4200000, 0x00000000eab00000)
  object space 67584K, 19% used [0x00000000c0000000,0x00000000c0d06160,0x00000000c4200000)
 Metaspace       used 29449K, capacity 29944K, committed 30080K, reserved 1075200K
  class space    used 4007K, capacity 4136K, committed 4224K, reserved 1048576K
Event: 7.271 GC heap after
Heap after GC invocations=7 (full 1):
 PSYoungGen      total 107520K, used 6831K [0x00000000eab00000, 0x00000000f1e00000, 0x0000000100000000)
  eden space 97280K, 0% used [0x00000000eab00000,0x00000000eab00000,0x00000000f0a00000)
  from space 10240K, 66% used [0x00000000f1400000,0x00000000f1aabff0,0x00000000f1e00000)
  to   space 10240K, 0% used [0x00000000f0a00000,0x00000000f0a00000,0x00000000f1400000)
 ParOldGen       total 67584K, used 13408K [0x00000000c0000000, 0x00000000c4200000, 0x00000000eab00000)
  object space 67584K, 19% used [0x00000000c0000000,0x00000000c0d18170,0x00000000c4200000)
 Metaspace       used 29449K, capacity 29944K, committed 30080K, reserved 1075200K
  class space    used 4007K, capacity 4136K, committed 4224K, reserved 1048576K
}
Event: 8.536 GC heap before
{Heap before GC invocations=8 (full 1):
 PSYoungGen      total 107520K, used 104111K [0x00000000eab00000, 0x00000000f1e00000, 0x0000000100000000)
  eden space 97280K, 100% used [0x00000000eab00000,0x00000000f0a00000,0x00000000f0a00000)
  from space 10240K, 66% used [0x00000000f1400000,0x00000000f1aabff0,0x00000000f1e00000)
  to   space 10240K, 0% used [0x00000000f0a00000,0x00000000f0a00000,0x00000000f1400000)
 ParOldGen       total 67584K, used 13408K [0x00000000c0000000, 0x00000000c4200000, 0x00000000eab00000)
  object space 67584K, 19% used [0x00000000c0000000,0x00000000c0d18170,0x00000000c4200000)
 Metaspace       used 33751K, capacity 34372K, committed 34688K, reserved 1079296K
  class space    used 4567K, capacity 4732K, committed 4736K, reserved 1048576K
Event: 8.584 GC heap after
Heap after GC invocations=8 (full 1):
 PSYoungGen      total 107520K, used 10214K [0x00000000eab00000, 0x00000000f5880000, 0x0000000100000000)
  eden space 97280K, 0% used [0x00000000eab00000,0x00000000eab00000,0x00000000f0a00000)
  from space 10240K, 99% used [0x00000000f0a00000,0x00000000f13f9ab8,0x00000000f1400000)
  to   space 13312K, 0% used [0x00000000f4b80000,0x00000000f4b80000,0x00000000f5880000)
 ParOldGen       total 67584K, used 17056K [0x00000000c0000000, 0x00000000c4200000, 0x00000000eab00000)
  object space 67584K, 25% used [0x00000000c0000000,0x00000000c10a8368,0x00000000c4200000)
 Metaspace       used 33751K, capacity 34372K, committed 34688K, reserved 1079296K
  class space    used 4567K, capacity 4732K, committed 4736K, reserved 1048576K
}
Event: 8.697 GC heap before
{Heap before GC invocations=9 (full 1):
 PSYoungGen      total 107520K, used 13869K [0x00000000eab00000, 0x00000000f5880000, 0x0000000100000000)
  eden space 97280K, 3% used [0x00000000eab00000,0x00000000eae91be0,0x00000000f0a00000)
  from space 10240K, 99% used [0x00000000f0a00000,0x00000000f13f9ab8,0x00000000f1400000)
  to   space 13312K, 0% used [0x00000000f4b80000,0x00000000f4b80000,0x00000000f5880000)
 ParOldGen       total 67584K, used 17056K [0x00000000c0000000, 0x00000000c4200000, 0x00000000eab00000)
  object space 67584K, 25% used [0x00000000c0000000,0x00000000c10a8368,0x00000000c4200000)
 Metaspace       used 34627K, capacity 35236K, committed 35456K, reserved 1079296K
  class space    used 4708K, capacity 4892K, committed 4992K, reserved 1048576K
Event: 8.731 GC heap after
Heap after GC invocations=9 (full 1):
 PSYoungGen      total 163840K, used 10669K [0x00000000eab00000, 0x00000000f7400000, 0x0000000100000000)
  eden space 150528K, 0% used [0x00000000eab00000,0x00000000eab00000,0x00000000f3e00000)
  from space 13312K, 80% used [0x00000000f4b80000,0x00000000f55eb7a0,0x00000000f5880000)
  to   space 13824K, 0% used [0x00000000f3e00000,0x00000000f3e00000,0x00000000f4b80000)
 ParOldGen       total 67584K, used 17064K [0x00000000c0000000, 0x00000000c4200000, 0x00000000eab00000)
  object space 67584K, 25% used [0x00000000c0000000,0x00000000c10aa368,0x00000000c4200000)
 Metaspace       used 34627K, capacity 35236K, committed 35456K, reserved 1079296K
  class space    used 4708K, capacity 4892K, committed 4992K, reserved 1048576K
}
Event: 8.731 GC heap before
{Heap before GC invocations=10 (full 2):
 PSYoungGen      total 163840K, used 10669K [0x00000000eab00000, 0x00000000f7400000, 0x0000000100000000)
  eden space 150528K, 0% used [0x00000000eab00000,0x00000000eab00000,0x00000000f3e00000)
  from space 13312K, 80% used [0x00000000f4b80000,0x00000000f55eb7a0,0x00000000f5880000)
  to   space 13824K, 0% used [0x00000000f3e00000,0x00000000f3e00000,0x00000000f4b80000)
 ParOldGen       total 67584K, used 17064K [0x00000000c0000000, 0x00000000c4200000, 0x00000000eab00000)
  object space 67584K, 25% used [0x00000000c0000000,0x00000000c10aa368,0x00000000c4200000)
 Metaspace       used 34627K, capacity 35236K, committed 35456K, reserved 1079296K
  class space    used 4708K, capacity 4892K, committed 4992K, reserved 1048576K
Event: 8.928 GC heap after
Heap after GC invocations=10 (full 2):
 PSYoungGen      total 163840K, used 0K [0x00000000eab00000, 0x00000000f7400000, 0x0000000100000000)
  eden space 150528K, 0% used [0x00000000eab00000,0x00000000eab00000,0x00000000f3e00000)
  from space 13312K, 0% used [0x00000000f4b80000,0x00000000f4b80000,0x00000000f5880000)
  to   space 13824K, 0% used [0x00000000f3e00000,0x00000000f3e00000,0x00000000f4b80000)
 ParOldGen       total 92160K, used 21731K [0x00000000c0000000, 0x00000000c5a00000, 0x00000000eab00000)
  object space 92160K, 23% used [0x00000000c0000000,0x00000000c1538e80,0x00000000c5a00000)
 Metaspace       used 34627K, capacity 35236K, committed 35456K, reserved 1079296K
  class space    used 4708K, capacity 4892K, committed 4992K, reserved 1048576K
}
Event: 12.389 GC heap before
{Heap before GC invocations=11 (full 2):
 PSYoungGen      total 163840K, used 150528K [0x00000000eab00000, 0x00000000f7400000, 0x0000000100000000)
  eden space 150528K, 100% used [0x00000000eab00000,0x00000000f3e00000,0x00000000f3e00000)
  from space 13312K, 0% used [0x00000000f4b80000,0x00000000f4b80000,0x00000000f5880000)
  to   space 13824K, 0% used [0x00000000f3e00000,0x00000000f3e00000,0x00000000f4b80000)
 ParOldGen       total 92160K, used 21731K [0x00000000c0000000, 0x00000000c5a00000, 0x00000000eab00000)
  object space 92160K, 23% used [0x00000000c0000000,0x00000000c1538e80,0x00000000c5a00000)
 Metaspace       used 43304K, capacity 44260K, committed 44544K, reserved 1087488K
  class space    used 6017K, capacity 6296K, committed 6400K, reserved 1048576K
Event: 12.444 GC heap after
Heap after GC invocations=11 (full 2):
 PSYoungGen      total 164352K, used 13818K [0x00000000eab00000, 0x00000000f9a80000, 0x0000000100000000)
  eden space 150528K, 0% used [0x00000000eab00000,0x00000000eab00000,0x00000000f3e00000)
  from space 13824K, 99% used [0x00000000f3e00000,0x00000000f4b7eb78,0x00000000f4b80000)
  to   space 16896K, 0% used [0x00000000f8a00000,0x00000000f8a00000,0x00000000f9a80000)
 ParOldGen       total 92160K, used 25056K [0x00000000c0000000, 0x00000000c5a00000, 0x00000000eab00000)
  object space 92160K, 27% used [0x00000000c0000000,0x00000000c18780c0,0x00000000c5a00000)
 Metaspace       used 43304K, capacity 44260K, committed 44544K, reserved 1087488K
  class space    used 6017K, capacity 6296K, committed 6400K, reserved 1048576K
}

