# JRE version: Java(TM) SE Runtime Environment (8.0_111-b14) (build 1.8.0_111-b14)
# Java VM: Java HotSpot(TM) 64-Bit Server VM (25.111-b14 mixed mode windows-amd64 compressed oops)
Heap:
 PSYoungGen      total 38400K, used 30912K [0x00000000eab00000, 0x00000000ee680000, 0x0000000100000000)
  eden space 27648K, 100% used [0x00000000eab00000,0x00000000ec600000,0x00000000ec600000)
  from space 10752K, 30% used [0x00000000ec600000,0x00000000ec930020,0x00000000ed080000)
  to   space 10752K, 0% used [0x00000000edc00000,0x00000000edc00000,0x00000000ee680000)
 ParOldGen       total 67072K, used 9318K [0x00000000c0000000, 0x00000000c4180000, 0x00000000eab00000)
  object space 67072K, 13% used [0x00000000c0000000,0x00000000c09199a0,0x00000000c4180000)
 Metaspace       used 28666K, capacity 29112K, committed 29440K, reserved 1075200K
  class space    used 3873K, capacity 4008K, committed 4096K, reserved 1048576K
GC Heap History (10 events):
Event: 11.933 GC heap before
{Heap before GC invocations=4 (full 0):
 PSYoungGen      total 38400K, used 32076K [0x00000000eab00000, 0x00000000ed580000, 0x0000000100000000)
  eden space 33280K, 81% used [0x00000000eab00000,0x00000000ec55b288,0x00000000ecb80000)
  from space 5120K, 99% used [0x00000000ecb80000,0x00000000ed078020,0x00000000ed080000)
  to   space 5120K, 0% used [0x00000000ed080000,0x00000000ed080000,0x00000000ed580000)
 ParOldGen       total 87552K, used 5524K [0x00000000c0000000, 0x00000000c5580000, 0x00000000eab00000)
  object space 87552K, 6% used [0x00000000c0000000,0x00000000c05650e8,0x00000000c5580000)
 Metaspace       used 20890K, capacity 21232K, committed 21296K, reserved 1067008K
  class space    used 2820K, capacity 2942K, committed 2944K, reserved 1048576K
Event: 11.948 GC heap after
Heap after GC invocations=4 (full 0):
 PSYoungGen      total 38400K, used 5088K [0x00000000eab00000, 0x00000000ed580000, 0x0000000100000000)
  eden space 33280K, 0% used [0x00000000eab00000,0x00000000eab00000,0x00000000ecb80000)
  from space 5120K, 99% used [0x00000000ed080000,0x00000000ed578020,0x00000000ed580000)
  to   space 5120K, 0% used [0x00000000ecb80000,0x00000000ecb80000,0x00000000ed080000)
 ParOldGen       total 87552K, used 8961K [0x00000000c0000000, 0x00000000c5580000, 0x00000000eab00000)
  object space 87552K, 10% used [0x00000000c0000000,0x00000000c08c0410,0x00000000c5580000)
 Metaspace       used 20890K, capacity 21232K, committed 21296K, reserved 1067008K
  class space    used 2820K, capacity 2942K, committed 2944K, reserved 1048576K
}
Event: 11.948 GC heap before
{Heap before GC invocations=5 (full 1):
 PSYoungGen      total 38400K, used 5088K [0x00000000eab00000, 0x00000000ed580000, 0x0000000100000000)
  eden space 33280K, 0% used [0x00000000eab00000,0x00000000eab00000,0x00000000ecb80000)
  from space 5120K, 99% used [0x00000000ed080000,0x00000000ed578020,0x00000000ed580000)
  to   space 5120K, 0% used [0x00000000ecb80000,0x00000000ecb80000,0x00000000ed080000)
 ParOldGen       total 87552K, used 8961K [0x00000000c0000000, 0x00000000c5580000, 0x00000000eab00000)
  object space 87552K, 10% used [0x00000000c0000000,0x00000000c08c0410,0x00000000c5580000)
 Metaspace       used 20890K, capacity 21232K, committed 21296K, reserved 1067008K
  class space    used 2820K, capacity 2942K, committed 2944K, reserved 1048576K
Event: 12.050 GC heap after
Heap after GC invocations=5 (full 1):
 PSYoungGen      total 38400K, used 0K [0x00000000eab00000, 0x00000000ed580000, 0x0000000100000000)
  eden space 33280K, 0% used [0x00000000eab00000,0x00000000eab00000,0x00000000ecb80000)
  from space 5120K, 0% used [0x00000000ed080000,0x00000000ed080000,0x00000000ed580000)
  to   space 5120K, 0% used [0x00000000ecb80000,0x00000000ecb80000,0x00000000ed080000)
 ParOldGen       total 67072K, used 9294K [0x00000000c0000000, 0x00000000c4180000, 0x00000000eab00000)
  object space 67072K, 13% used [0x00000000c0000000,0x00000000c09139a0,0x00000000c4180000)
 Metaspace       used 20890K, capacity 21232K, committed 21296K, reserved 1067008K
  class space    used 2820K, capacity 2942K, committed 2944K, reserved 1048576K
}
Event: 15.105 GC heap before
{Heap before GC invocations=6 (full 1):
 PSYoungGen      total 38400K, used 33280K [0x00000000eab00000, 0x00000000ed580000, 0x0000000100000000)
  eden space 33280K, 100% used [0x00000000eab00000,0x00000000ecb80000,0x00000000ecb80000)
  from space 5120K, 0% used [0x00000000ed080000,0x00000000ed080000,0x00000000ed580000)
  to   space 5120K, 0% used [0x00000000ecb80000,0x00000000ecb80000,0x00000000ed080000)
 ParOldGen       total 67072K, used 9294K [0x00000000c0000000, 0x00000000c4180000, 0x00000000eab00000)
  object space 67072K, 13% used [0x00000000c0000000,0x00000000c09139a0,0x00000000c4180000)
 Metaspace       used 23287K, capacity 23730K, committed 23936K, reserved 1069056K
  class space    used 3227K, capacity 3345K, committed 3456K, reserved 1048576K
Event: 15.109 GC heap after
Heap after GC invocations=6 (full 1):
 PSYoungGen      total 38400K, used 3729K [0x00000000eab00000, 0x00000000ed580000, 0x0000000100000000)
  eden space 33280K, 0% used [0x00000000eab00000,0x00000000eab00000,0x00000000ecb80000)
  from space 5120K, 72% used [0x00000000ecb80000,0x00000000ecf247a0,0x00000000ed080000)
  to   space 5120K, 0% used [0x00000000ed080000,0x00000000ed080000,0x00000000ed580000)
 ParOldGen       total 67072K, used 9302K [0x00000000c0000000, 0x00000000c4180000, 0x00000000eab00000)
  object space 67072K, 13% used [0x00000000c0000000,0x00000000c09159a0,0x00000000c4180000)
 Metaspace       used 23287K, capacity 23730K, committed 23936K, reserved 1069056K
  class space    used 3227K, capacity 3345K, committed 3456K, reserved 1048576K
}
Event: 17.474 GC heap before
{Heap before GC invocations=7 (full 1):
 PSYoungGen      total 38400K, used 37009K [0x00000000eab00000, 0x00000000ed580000, 0x0000000100000000)
  eden space 33280K, 100% used [0x00000000eab00000,0x00000000ecb80000,0x00000000ecb80000)
  from space 5120K, 72% used [0x00000000ecb80000,0x00000000ecf247a0,0x00000000ed080000)
  to   space 5120K, 0% used [0x00000000ed080000,0x00000000ed080000,0x00000000ed580000)
 ParOldGen       total 67072K, used 9302K [0x00000000c0000000, 0x00000000c4180000, 0x00000000eab00000)
  object space 67072K, 13% used [0x00000000c0000000,0x00000000c09159a0,0x00000000c4180000)
 Metaspace       used 26622K, capacity 27108K, committed 27392K, reserved 1073152K
  class space    used 3640K, capacity 3764K, committed 3840K, reserved 1048576K
Event: 17.485 GC heap after
Heap after GC invocations=7 (full 1):
 PSYoungGen      total 32768K, used 4253K [0x00000000eab00000, 0x00000000eed80000, 0x0000000100000000)
  eden space 27648K, 0% used [0x00000000eab00000,0x00000000eab00000,0x00000000ec600000)
  from space 5120K, 83% used [0x00000000ed080000,0x00000000ed4a75d8,0x00000000ed580000)
  to   space 10752K, 0% used [0x00000000ec600000,0x00000000ec600000,0x00000000ed080000)
 ParOldGen       total 67072K, used 9310K [0x00000000c0000000, 0x00000000c4180000, 0x00000000eab00000)
  object space 67072K, 13% used [0x00000000c0000000,0x00000000c09179a0,0x00000000c4180000)
 Metaspace       used 26622K, capacity 27108K, committed 27392K, reserved 1073152K
  class space    used 3640K, capacity 3764K, committed 3840K, reserved 1048576K
}
Event: 18.635 GC heap before
{Heap before GC invocations=8 (full 1):
 PSYoungGen      total 32768K, used 31901K [0x00000000eab00000, 0x00000000eed80000, 0x0000000100000000)
  eden space 27648K, 100% used [0x00000000eab00000,0x00000000ec600000,0x00000000ec600000)
  from space 5120K, 83% used [0x00000000ed080000,0x00000000ed4a75d8,0x00000000ed580000)
  to   space 10752K, 0% used [0x00000000ec600000,0x00000000ec600000,0x00000000ed080000)
 ParOldGen       total 67072K, used 9310K [0x00000000c0000000, 0x00000000c4180000, 0x00000000eab00000)
  object space 67072K, 13% used [0x00000000c0000000,0x00000000c09179a0,0x00000000c4180000)
 Metaspace       used 26854K, capacity 27300K, committed 27392K, reserved 1073152K
  class space    used 3642K, capacity 3764K, committed 3840K, reserved 1048576K
Event: 18.643 GC heap after
Heap after GC invocations=8 (full 1):
 PSYoungGen      total 38400K, used 3264K [0x00000000eab00000, 0x00000000ee680000, 0x0000000100000000)
  eden space 27648K, 0% used [0x00000000eab00000,0x00000000eab00000,0x00000000ec600000)
  from space 10752K, 30% used [0x00000000ec600000,0x00000000ec930020,0x00000000ed080000)
  to   space 10752K, 0% used [0x00000000edc00000,0x00000000edc00000,0x00000000ee680000)
 ParOldGen       total 67072K, used 9318K [0x00000000c0000000, 0x00000000c4180000, 0x00000000eab00000)
  object space 67072K, 13% used [0x00000000c0000000,0x00000000c09199a0,0x00000000c4180000)
 Metaspace       used 26854K, capacity 27300K, committed 27392K, reserved 1073152K
  class space    used 3642K, capacity 3764K, committed 3840K, reserved 1048576K
}

