# JRE version: Java(TM) SE Runtime Environment (8.0_111-b14) (build 1.8.0_111-b14)
# Java VM: Java HotSpot(TM) 64-Bit Server VM (25.111-b14 mixed mode windows-amd64 compressed oops)
Heap:
 PSYoungGen      total 164864K, used 44407K [0x00000000eab00000, 0x00000000f6800000, 0x0000000100000000)
  eden space 148992K, 19% used [0x00000000eab00000,0x00000000ec6dfb58,0x00000000f3c80000)
  from space 15872K, 99% used [0x00000000f5000000,0x00000000f5f7e398,0x00000000f5f80000)
  to   space 19968K, 0% used [0x00000000f3c80000,0x00000000f3c80000,0x00000000f5000000)
 ParOldGen       total 105984K, used 25919K [0x00000000c0000000, 0x00000000c6780000, 0x00000000eab00000)
  object space 105984K, 24% used [0x00000000c0000000,0x00000000c194ff98,0x00000000c6780000)
 Metaspace       used 45917K, capacity 46876K, committed 47104K, reserved 1089536K
  class space    used 6308K, capacity 6566K, committed 6656K, reserved 1048576K
GC Heap History (10 events):
Event: 13.204 GC heap before
{Heap before GC invocations=8 (full 1):
 PSYoungGen      total 97280K, used 94198K [0x00000000eab00000, 0x00000000f1500000, 0x0000000100000000)
  eden space 88064K, 100% used [0x00000000eab00000,0x00000000f0100000,0x00000000f0100000)
  from space 9216K, 66% used [0x00000000f0c00000,0x00000000f11fd840,0x00000000f1500000)
  to   space 10240K, 0% used [0x00000000f0100000,0x00000000f0100000,0x00000000f0b00000)
 ParOldGen       total 66560K, used 10360K [0x00000000c0000000, 0x00000000c4100000, 0x00000000eab00000)
  object space 66560K, 15% used [0x00000000c0000000,0x00000000c0a1e398,0x00000000c4100000)
 Metaspace       used 33197K, capacity 33826K, committed 34176K, reserved 1079296K
  class space    used 4476K, capacity 4634K, committed 4736K, reserved 1048576K
Event: 13.239 GC heap after
Heap after GC invocations=8 (full 1):
 PSYoungGen      total 98304K, used 10215K [0x00000000eab00000, 0x00000000f3d80000, 0x0000000100000000)
  eden space 88064K, 0% used [0x00000000eab00000,0x00000000eab00000,0x00000000f0100000)
  from space 10240K, 99% used [0x00000000f0100000,0x00000000f0af9d00,0x00000000f0b00000)
  to   space 12800K, 0% used [0x00000000f3100000,0x00000000f3100000,0x00000000f3d80000)
 ParOldGen       total 66560K, used 12790K [0x00000000c0000000, 0x00000000c4100000, 0x00000000eab00000)
  object space 66560K, 19% used [0x00000000c0000000,0x00000000c0c7d928,0x00000000c4100000)
 Metaspace       used 33197K, capacity 33826K, committed 34176K, reserved 1079296K
  class space    used 4476K, capacity 4634K, committed 4736K, reserved 1048576K
}
Event: 14.260 GC heap before
{Heap before GC invocations=9 (full 1):
 PSYoungGen      total 98304K, used 31640K [0x00000000eab00000, 0x00000000f3d80000, 0x0000000100000000)
  eden space 88064K, 24% used [0x00000000eab00000,0x00000000ebfec610,0x00000000f0100000)
  from space 10240K, 99% used [0x00000000f0100000,0x00000000f0af9d00,0x00000000f0b00000)
  to   space 12800K, 0% used [0x00000000f3100000,0x00000000f3100000,0x00000000f3d80000)
 ParOldGen       total 66560K, used 12790K [0x00000000c0000000, 0x00000000c4100000, 0x00000000eab00000)
  object space 66560K, 19% used [0x00000000c0000000,0x00000000c0c7d928,0x00000000c4100000)
 Metaspace       used 34726K, capacity 35332K, committed 35456K, reserved 1079296K
  class space    used 4733K, capacity 4924K, committed 4992K, reserved 1048576K
Event: 14.284 GC heap after
Heap after GC invocations=9 (full 1):
 PSYoungGen      total 136192K, used 12059K [0x00000000eab00000, 0x00000000f4480000, 0x0000000100000000)
  eden space 123392K, 0% used [0x00000000eab00000,0x00000000eab00000,0x00000000f2380000)
  from space 12800K, 94% used [0x00000000f3100000,0x00000000f3cc6d38,0x00000000f3d80000)
  to   space 13824K, 0% used [0x00000000f2380000,0x00000000f2380000,0x00000000f3100000)
 ParOldGen       total 66560K, used 12790K [0x00000000c0000000, 0x00000000c4100000, 0x00000000eab00000)
  object space 66560K, 19% used [0x00000000c0000000,0x00000000c0c7d928,0x00000000c4100000)
 Metaspace       used 34726K, capacity 35332K, committed 35456K, reserved 1079296K
  class space    used 4733K, capacity 4924K, committed 4992K, reserved 1048576K
}
Event: 14.284 GC heap before
{Heap before GC invocations=10 (full 2):
 PSYoungGen      total 136192K, used 12059K [0x00000000eab00000, 0x00000000f4480000, 0x0000000100000000)
  eden space 123392K, 0% used [0x00000000eab00000,0x00000000eab00000,0x00000000f2380000)
  from space 12800K, 94% used [0x00000000f3100000,0x00000000f3cc6d38,0x00000000f3d80000)
  to   space 13824K, 0% used [0x00000000f2380000,0x00000000f2380000,0x00000000f3100000)
 ParOldGen       total 66560K, used 12790K [0x00000000c0000000, 0x00000000c4100000, 0x00000000eab00000)
  object space 66560K, 19% used [0x00000000c0000000,0x00000000c0c7d928,0x00000000c4100000)
 Metaspace       used 34726K, capacity 35332K, committed 35456K, reserved 1079296K
  class space    used 4733K, capacity 4924K, committed 4992K, reserved 1048576K
Event: 14.454 GC heap after
Heap after GC invocations=10 (full 2):
 PSYoungGen      total 136192K, used 0K [0x00000000eab00000, 0x00000000f4480000, 0x0000000100000000)
  eden space 123392K, 0% used [0x00000000eab00000,0x00000000eab00000,0x00000000f2380000)
  from space 12800K, 0% used [0x00000000f3100000,0x00000000f3100000,0x00000000f3d80000)
  to   space 13824K, 0% used [0x00000000f2380000,0x00000000f2380000,0x00000000f3100000)
 ParOldGen       total 105984K, used 19584K [0x00000000c0000000, 0x00000000c6780000, 0x00000000eab00000)
  object space 105984K, 18% used [0x00000000c0000000,0x00000000c13201b0,0x00000000c6780000)
 Metaspace       used 34726K, capacity 35332K, committed 35456K, reserved 1079296K
  class space    used 4733K, capacity 4924K, committed 4992K, reserved 1048576K
}
Event: 18.182 GC heap before
{Heap before GC invocations=11 (full 2):
 PSYoungGen      total 136192K, used 123392K [0x00000000eab00000, 0x00000000f4480000, 0x0000000100000000)
  eden space 123392K, 100% used [0x00000000eab00000,0x00000000f2380000,0x00000000f2380000)
  from space 12800K, 0% used [0x00000000f3100000,0x00000000f3100000,0x00000000f3d80000)
  to   space 13824K, 0% used [0x00000000f2380000,0x00000000f2380000,0x00000000f3100000)
 ParOldGen       total 105984K, used 19584K [0x00000000c0000000, 0x00000000c6780000, 0x00000000eab00000)
  object space 105984K, 18% used [0x00000000c0000000,0x00000000c13201b0,0x00000000c6780000)
 Metaspace       used 42034K, capacity 42844K, committed 42880K, reserved 1085440K
  class space    used 5823K, capacity 6016K, committed 6016K, reserved 1048576K
Event: 18.207 GC heap after
Heap after GC invocations=11 (full 2):
 PSYoungGen      total 137216K, used 13797K [0x00000000eab00000, 0x00000000f5f80000, 0x0000000100000000)
  eden space 123392K, 0% used [0x00000000eab00000,0x00000000eab00000,0x00000000f2380000)
  from space 13824K, 99% used [0x00000000f2380000,0x00000000f30f9408,0x00000000f3100000)
  to   space 15872K, 0% used [0x00000000f5000000,0x00000000f5000000,0x00000000f5f80000)
 ParOldGen       total 105984K, used 20004K [0x00000000c0000000, 0x00000000c6780000, 0x00000000eab00000)
  object space 105984K, 18% used [0x00000000c0000000,0x00000000c1389038,0x00000000c6780000)
 Metaspace       used 42034K, capacity 42844K, committed 42880K, reserved 1085440K
  class space    used 5823K, capacity 6016K, committed 6016K, reserved 1048576K
}
Event: 21.354 GC heap before
{Heap before GC invocations=12 (full 2):
 PSYoungGen      total 137216K, used 137189K [0x00000000eab00000, 0x00000000f5f80000, 0x0000000100000000)
  eden space 123392K, 100% used [0x00000000eab00000,0x00000000f2380000,0x00000000f2380000)
  from space 13824K, 99% used [0x00000000f2380000,0x00000000f30f9408,0x00000000f3100000)
  to   space 15872K, 0% used [0x00000000f5000000,0x00000000f5000000,0x00000000f5f80000)
 ParOldGen       total 105984K, used 20004K [0x00000000c0000000, 0x00000000c6780000, 0x00000000eab00000)
  object space 105984K, 18% used [0x00000000c0000000,0x00000000c1389038,0x00000000c6780000)
 Metaspace       used 45827K, capacity 46748K, committed 46848K, reserved 1089536K
  class space    used 6307K, capacity 6566K, committed 6656K, reserved 1048576K
Event: 21.394 GC heap after
Heap after GC invocations=12 (full 2):
 PSYoungGen      total 164864K, used 15864K [0x00000000eab00000, 0x00000000f6800000, 0x0000000100000000)
  eden space 148992K, 0% used [0x00000000eab00000,0x00000000eab00000,0x00000000f3c80000)
  from space 15872K, 99% used [0x00000000f5000000,0x00000000f5f7e398,0x00000000f5f80000)
  to   space 19968K, 0% used [0x00000000f3c80000,0x00000000f3c80000,0x00000000f5000000)
 ParOldGen       total 105984K, used 25919K [0x00000000c0000000, 0x00000000c6780000, 0x00000000eab00000)
  object space 105984K, 24% used [0x00000000c0000000,0x00000000c194ff98,0x00000000c6780000)
 Metaspace       used 45827K, capacity 46748K, committed 46848K, reserved 1089536K
  class space    used 6307K, capacity 6566K, committed 6656K, reserved 1048576K
}

