# JRE version: Java(TM) SE Runtime Environment (8.0_111-b14) (build 1.8.0_111-b14)
# Java VM: Java HotSpot(TM) 64-Bit Server VM (25.111-b14 mixed mode windows-amd64 compressed oops)
Heap:
 PSYoungGen      total 124928K, used 45722K [0x00000000eab00000, 0x00000000f5c80000, 0x0000000100000000)
  eden space 108544K, 27% used [0x00000000eab00000,0x00000000ec7ab470,0x00000000f1500000)
  from space 16384K, 99% used [0x00000000f1500000,0x00000000f24fb4b0,0x00000000f2500000)
  to   space 20992K, 0% used [0x00000000f4800000,0x00000000f4800000,0x00000000f5c80000)
 ParOldGen       total 97280K, used 26514K [0x00000000c0000000, 0x00000000c5f00000, 0x00000000eab00000)
  object space 97280K, 27% used [0x00000000c0000000,0x00000000c19e49f8,0x00000000c5f00000)
 Metaspace       used 47014K, capacity 48056K, committed 48256K, reserved 1091584K
  class space    used 6473K, capacity 6759K, committed 6784K, reserved 1048576K
GC Heap History (10 events):
Event: 16.170 GC heap before
{Heap before GC invocations=11 (full 1):
 PSYoungGen      total 74752K, used 18216K [0x00000000eab00000, 0x00000000f1600000, 0x0000000100000000)
  eden space 64000K, 11% used [0x00000000eab00000,0x00000000eb251230,0x00000000ee980000)
  from space 10752K, 99% used [0x00000000ee980000,0x00000000ef3f8e18,0x00000000ef400000)
  to   space 12800K, 0% used [0x00000000f0980000,0x00000000f0980000,0x00000000f1600000)
 ParOldGen       total 69632K, used 14044K [0x00000000c0000000, 0x00000000c4400000, 0x00000000eab00000)
  object space 69632K, 20% used [0x00000000c0000000,0x00000000c0db71e0,0x00000000c4400000)
 Metaspace       used 34740K, capacity 35332K, committed 35456K, reserved 1079296K
  class space    used 4733K, capacity 4924K, committed 4992K, reserved 1048576K
Event: 16.184 GC heap after
Heap after GC invocations=11 (full 1):
 PSYoungGen      total 95744K, used 11702K [0x00000000eab00000, 0x00000000f1d80000, 0x0000000100000000)
  eden space 82944K, 0% used [0x00000000eab00000,0x00000000eab00000,0x00000000efc00000)
  from space 12800K, 91% used [0x00000000f0980000,0x00000000f14eda78,0x00000000f1600000)
  to   space 13824K, 0% used [0x00000000efc00000,0x00000000efc00000,0x00000000f0980000)
 ParOldGen       total 69632K, used 14052K [0x00000000c0000000, 0x00000000c4400000, 0x00000000eab00000)
  object space 69632K, 20% used [0x00000000c0000000,0x00000000c0db91e0,0x00000000c4400000)
 Metaspace       used 34740K, capacity 35332K, committed 35456K, reserved 1079296K
  class space    used 4733K, capacity 4924K, committed 4992K, reserved 1048576K
}
Event: 16.185 GC heap before
{Heap before GC invocations=12 (full 2):
 PSYoungGen      total 95744K, used 11702K [0x00000000eab00000, 0x00000000f1d80000, 0x0000000100000000)
  eden space 82944K, 0% used [0x00000000eab00000,0x00000000eab00000,0x00000000efc00000)
  from space 12800K, 91% used [0x00000000f0980000,0x00000000f14eda78,0x00000000f1600000)
  to   space 13824K, 0% used [0x00000000efc00000,0x00000000efc00000,0x00000000f0980000)
 ParOldGen       total 69632K, used 14052K [0x00000000c0000000, 0x00000000c4400000, 0x00000000eab00000)
  object space 69632K, 20% used [0x00000000c0000000,0x00000000c0db91e0,0x00000000c4400000)
 Metaspace       used 34740K, capacity 35332K, committed 35456K, reserved 1079296K
  class space    used 4733K, capacity 4924K, committed 4992K, reserved 1048576K
Event: 16.306 GC heap after
Heap after GC invocations=12 (full 2):
 PSYoungGen      total 95744K, used 0K [0x00000000eab00000, 0x00000000f1d80000, 0x0000000100000000)
  eden space 82944K, 0% used [0x00000000eab00000,0x00000000eab00000,0x00000000efc00000)
  from space 12800K, 0% used [0x00000000f0980000,0x00000000f0980000,0x00000000f1600000)
  to   space 13824K, 0% used [0x00000000efc00000,0x00000000efc00000,0x00000000f0980000)
 ParOldGen       total 97280K, used 19461K [0x00000000c0000000, 0x00000000c5f00000, 0x00000000eab00000)
  object space 97280K, 20% used [0x00000000c0000000,0x00000000c1301678,0x00000000c5f00000)
 Metaspace       used 34740K, capacity 35332K, committed 35456K, reserved 1079296K
  class space    used 4733K, capacity 4924K, committed 4992K, reserved 1048576K
}
Event: 19.624 GC heap before
{Heap before GC invocations=13 (full 2):
 PSYoungGen      total 95744K, used 82944K [0x00000000eab00000, 0x00000000f1d80000, 0x0000000100000000)
  eden space 82944K, 100% used [0x00000000eab00000,0x00000000efc00000,0x00000000efc00000)
  from space 12800K, 0% used [0x00000000f0980000,0x00000000f0980000,0x00000000f1600000)
  to   space 13824K, 0% used [0x00000000efc00000,0x00000000efc00000,0x00000000f0980000)
 ParOldGen       total 97280K, used 19461K [0x00000000c0000000, 0x00000000c5f00000, 0x00000000eab00000)
  object space 97280K, 20% used [0x00000000c0000000,0x00000000c1301678,0x00000000c5f00000)
 Metaspace       used 40507K, capacity 41264K, committed 41344K, reserved 1085440K
  class space    used 5580K, capacity 5756K, committed 5760K, reserved 1048576K
Event: 19.655 GC heap after
Heap after GC invocations=13 (full 2):
 PSYoungGen      total 96768K, used 9312K [0x00000000eab00000, 0x00000000f3400000, 0x0000000100000000)
  eden space 82944K, 0% used [0x00000000eab00000,0x00000000eab00000,0x00000000efc00000)
  from space 13824K, 67% used [0x00000000efc00000,0x00000000f05183b8,0x00000000f0980000)
  to   space 14336K, 0% used [0x00000000f2600000,0x00000000f2600000,0x00000000f3400000)
 ParOldGen       total 97280K, used 19469K [0x00000000c0000000, 0x00000000c5f00000, 0x00000000eab00000)
  object space 97280K, 20% used [0x00000000c0000000,0x00000000c1303678,0x00000000c5f00000)
 Metaspace       used 40507K, capacity 41264K, committed 41344K, reserved 1085440K
  class space    used 5580K, capacity 5756K, committed 5760K, reserved 1048576K
}
Event: 38.610 GC heap before
{Heap before GC invocations=14 (full 2):
 PSYoungGen      total 96768K, used 92256K [0x00000000eab00000, 0x00000000f3400000, 0x0000000100000000)
  eden space 82944K, 100% used [0x00000000eab00000,0x00000000efc00000,0x00000000efc00000)
  from space 13824K, 67% used [0x00000000efc00000,0x00000000f05183b8,0x00000000f0980000)
  to   space 14336K, 0% used [0x00000000f2600000,0x00000000f2600000,0x00000000f3400000)
 ParOldGen       total 97280K, used 19469K [0x00000000c0000000, 0x00000000c5f00000, 0x00000000eab00000)
  object space 97280K, 20% used [0x00000000c0000000,0x00000000c1303678,0x00000000c5f00000)
 Metaspace       used 43952K, capacity 44850K, committed 45056K, reserved 1087488K
  class space    used 6108K, capacity 6323K, committed 6400K, reserved 1048576K
Event: 38.631 GC heap after
Heap after GC invocations=14 (full 2):
 PSYoungGen      total 122880K, used 14320K [0x00000000eab00000, 0x00000000f3500000, 0x0000000100000000)
  eden space 108544K, 0% used [0x00000000eab00000,0x00000000eab00000,0x00000000f1500000)
  from space 14336K, 99% used [0x00000000f2600000,0x00000000f33fc2e0,0x00000000f3400000)
  to   space 16384K, 0% used [0x00000000f1500000,0x00000000f1500000,0x00000000f2500000)
 ParOldGen       total 97280K, used 21123K [0x00000000c0000000, 0x00000000c5f00000, 0x00000000eab00000)
  object space 97280K, 21% used [0x00000000c0000000,0x00000000c14a0d68,0x00000000c5f00000)
 Metaspace       used 43952K, capacity 44850K, committed 45056K, reserved 1087488K
  class space    used 6108K, capacity 6323K, committed 6400K, reserved 1048576K
}
Event: 43.081 GC heap before
{Heap before GC invocations=15 (full 2):
 PSYoungGen      total 122880K, used 122864K [0x00000000eab00000, 0x00000000f3500000, 0x0000000100000000)
  eden space 108544K, 100% used [0x00000000eab00000,0x00000000f1500000,0x00000000f1500000)
  from space 14336K, 99% used [0x00000000f2600000,0x00000000f33fc2e0,0x00000000f3400000)
  to   space 16384K, 0% used [0x00000000f1500000,0x00000000f1500000,0x00000000f2500000)
 ParOldGen       total 97280K, used 21123K [0x00000000c0000000, 0x00000000c5f00000, 0x00000000eab00000)
  object space 97280K, 21% used [0x00000000c0000000,0x00000000c14a0d68,0x00000000c5f00000)
 Metaspace       used 46907K, capacity 47928K, committed 48000K, reserved 1091584K
  class space    used 6468K, capacity 6759K, committed 6784K, reserved 1048576K
Event: 43.110 GC heap after
Heap after GC invocations=15 (full 2):
 PSYoungGen      total 124928K, used 16365K [0x00000000eab00000, 0x00000000f5c80000, 0x0000000100000000)
  eden space 108544K, 0% used [0x00000000eab00000,0x00000000eab00000,0x00000000f1500000)
  from space 16384K, 99% used [0x00000000f1500000,0x00000000f24fb4b0,0x00000000f2500000)
  to   space 20992K, 0% used [0x00000000f4800000,0x00000000f4800000,0x00000000f5c80000)
 ParOldGen       total 97280K, used 26514K [0x00000000c0000000, 0x00000000c5f00000, 0x00000000eab00000)
  object space 97280K, 27% used [0x00000000c0000000,0x00000000c19e49f8,0x00000000c5f00000)
 Metaspace       used 46907K, capacity 47928K, committed 48000K, reserved 1091584K
  class space    used 6468K, capacity 6759K, committed 6784K, reserved 1048576K
}

